<?xml version="1.0" encoding="UTF-8"?>
<!-- Generated by org.testng.reporters.JUnitXMLReporter -->
<testsuite hostname="OPT-LTP-048" ignored="0" name="Test" tests="3" failures="3" timestamp="2021-02-13T13:02:59 IST" time="8.258" errors="0">
  <testcase name="totalValidation" time="5.023" classname="practise.AppiumFramework.Ecommerce_tc_4">
    <failure type="java.lang.NullPointerException">
      <![CDATA[java.lang.NullPointerException
at practise.AppiumFramework.base.Capabilities(base.java:125)
at practise.AppiumFramework.Ecommerce_tc_4.totalValidation(Ecommerce_tc_4.java:30)
at java.util.ArrayList.forEach(ArrayList.java:1259)
... Removed 31 stack frames]]>
    </failure>
  </testcase> <!-- totalValidation -->
  <testcase name="apiDemoTest" time="0.003" classname="practise.AppiumFramework.ApiDemoTest">
    <failure type="java.lang.NullPointerException">
      <![CDATA[java.lang.NullPointerException
at practise.AppiumFramework.base.Capabilities(base.java:125)
at practise.AppiumFramework.ApiDemoTest.apiDemoTest(ApiDemoTest.java:22)
at java.util.ArrayList.forEach(ArrayList.java:1259)
... Removed 31 stack frames]]>
    </failure>
  </testcase> <!-- apiDemoTest -->
  <testcase name="apiDemoTest" time="0.001" classname="practise.AppiumFramework.ApiDemoTest">
    <failure type="java.lang.NullPointerException">
      <![CDATA[java.lang.NullPointerException
at practise.AppiumFramework.base.Capabilities(base.java:125)
at practise.AppiumFramework.ApiDemoTest.apiDemoTest(ApiDemoTest.java:22)
at java.util.ArrayList.forEach(ArrayList.java:1259)
... Removed 31 stack frames]]>
    </failure>
  </testcase> <!-- apiDemoTest -->
</testsuite> <!-- Test -->
