<?xml version="1.0" encoding="UTF-8"?>
<testsuite xmlns:xsi="http://www.w3.org/2001/XMLSchema-instance" xsi:noNamespaceSchemaLocation="https://maven.apache.org/surefire/maven-surefire-plugin/xsd/surefire-test-report-3.0.xsd" version="3.0" name="TestSuite" time="10.589" tests="3" errors="0" skipped="0" failures="3">
  <properties>
[...]
</properties>
  <testcase name="totalValidation" classname="practise.AppiumFramework.Ecommerce_tc_4" time="5.179">
    <failure type="java.lang.NullPointerException"><![CDATA[java.lang.NullPointerException
	at practise.AppiumFramework.Ecommerce_tc_4.totalValidation(Ecommerce_tc_4.java:30)
]]></failure>
    <system-out><![CDATA[&amp#27;[35m[Appium]&amp#27;[39m Welcome to Appium v1.20.1
&amp#27;[35m[Appium]&amp#27;[39m Appium REST http interface listener started on 0.0.0.0:4723
&amp#27;[35m[HTTP]&amp#27;[39m &amp#27;[37m-->&amp#27;[39m &amp#27;[37mGET&amp#27;[39m &amp#27;[37m/wd/hub/status&amp#27;[39m
&amp#27;[35m[HTTP]&amp#27;[39m &amp#27;[90m{}&amp#27;[39m
[debug] &amp#27;[35m[GENERIC]&amp#27;[39m Calling AppiumDriver.getStatus() with args: []
[debug] &amp#27;[35m[GENERIC]&amp#27;[39m Responding to client with driver.getStatus() result: {"build":{"version":"1.20.1"}}
&amp#27;[35m[HTTP]&amp#27;[39m &amp#27;[37m<-- GET /wd/hub/status &amp#27;[39m&amp#27;[32m200&amp#27;[39m &amp#27;[90m23 ms - 68&amp#27;[39m
&amp#27;[35m[HTTP]&amp#27;[39m &amp#27;[90m&amp#27;[39m
Exception while taking screenshot null
]]></system-out>
  </testcase>
  <testcase name="apiDemoTest[keshavjha](1)" classname="practise.AppiumFramework.ApiDemoTest" time="0.003">
    <failure type="java.lang.NullPointerException"><![CDATA[java.lang.NullPointerException
	at practise.AppiumFramework.ApiDemoTest.apiDemoTest(ApiDemoTest.java:22)
]]></failure>
    <system-out><![CDATA[Exception while taking screenshot null
]]></system-out>
  </testcase>
  <testcase name="apiDemoTest[$%&amp;*](2)" classname="practise.AppiumFramework.ApiDemoTest" time="0.005">
    <failure type="java.lang.NullPointerException"><![CDATA[java.lang.NullPointerException
	at practise.AppiumFramework.ApiDemoTest.apiDemoTest(ApiDemoTest.java:22)
]]></failure>
    <system-out><![CDATA[Exception while taking screenshot null
]]></system-out>
  </testcase>
</testsuite>